1653239364160	geckodriver	INFO	Listening on 127.0.0.1:52157
1653239367242	mozrunner::runner	INFO	Running command: "C:\\Program Files\\Mozilla Firefox\\firefox.exe" "--marionette" "--headless" "--remote-debugging-port" "52158" "--remote-allow-hosts" "localhost" "-no-remote" "-profile" "C:\\Users\\Raphael\\AppData\\Local\\Temp\\rust_mozprofileBMKOPz"
*** You are running in headless mode.
1653239367526	Marionette	INFO	Marionette enabled
[GFX1-]: RenderCompositorSWGL failed mapping default framebuffer, no dt
console.warn: SearchSettings: "get: No settings file exists, new profile?" (new NotFoundError("Could not open the file at C:\\Users\\Raphael\\AppData\\Local\\Temp\\rust_mozprofileBMKOPz\\search.json.mozlz4", (void 0)))
DevTools listening on ws://localhost:52158/devtools/browser/425ac3b8-80ed-4749-804e-88297f58df9d
1653239368421	Marionette	INFO	Listening on port 52178
Read port: 52178
1653239368494	RemoteAgent	WARN	TLS certificate errors will be ignored for this session
1653239403183	geckodriver	INFO	Listening on 127.0.0.1:52209
1653239406263	mozrunner::runner	INFO	Running command: "C:\\Program Files\\Mozilla Firefox\\firefox.exe" "--marionette" "--headless" "--remote-debugging-port" "52210" "--remote-allow-hosts" "localhost" "-no-remote" "-profile" "C:\\Users\\Raphael\\AppData\\Local\\Temp\\rust_mozprofile3mWNpV"
*** You are running in headless mode.
1653239406513	Marionette	INFO	Marionette enabled
[GFX1-]: RenderCompositorSWGL failed mapping default framebuffer, no dt
console.warn: SearchSettings: "get: No settings file exists, new profile?" (new NotFoundError("Could not open the file at C:\\Users\\Raphael\\AppData\\Local\\Temp\\rust_mozprofile3mWNpV\\search.json.mozlz4", (void 0)))
DevTools listening on ws://localhost:52210/devtools/browser/729ee2cb-b47d-4bf4-8e50-58a4668e5392
1653239407433	Marionette	INFO	Listening on port 52230
Read port: 52230
1653239407473	RemoteAgent	WARN	TLS certificate errors will be ignored for this session
JavaScript error: https://www.atelierdeschefs.fr/fr/recherche?type_recherche=recettes&k%5B%5D=tarte+aux+fraises, line 457: TypeError: Criteo.DisplayAcceptableAdIfAdblocked is not a function
1653239429190	Marionette	INFO	Stopped listening on port 52230

###!!! [Parent][PImageBridgeParent] Error: RunMessage(msgname=PImageBridge::Msg_WillClose) Channel closing: too late to send/recv, messages will be lost

1653239446077	geckodriver	INFO	Listening on 127.0.0.1:52356
1653239449136	mozrunner::runner	INFO	Running command: "C:\\Program Files\\Mozilla Firefox\\firefox.exe" "--marionette" "--headless" "--remote-debugging-port" "52357" "--remote-allow-hosts" "localhost" "-no-remote" "-profile" "C:\\Users\\Raphael\\AppData\\Local\\Temp\\rust_mozprofile1lX7vK"
*** You are running in headless mode.
1653239449388	Marionette	INFO	Marionette enabled
[GFX1-]: RenderCompositorSWGL failed mapping default framebuffer, no dt
console.warn: SearchSettings: "get: No settings file exists, new profile?" (new NotFoundError("Could not open the file at C:\\Users\\Raphael\\AppData\\Local\\Temp\\rust_mozprofile1lX7vK\\search.json.mozlz4", (void 0)))
DevTools listening on ws://localhost:52357/devtools/browser/dfb98d50-c841-4f82-8e5e-1acc7fd2e4ba
1653239450234	Marionette	INFO	Listening on port 52378
Read port: 52378
1653239450351	RemoteAgent	WARN	TLS certificate errors will be ignored for this session
JavaScript error: https://sdk.privacy-center.org/sdk.c1b0fd8f609ce112350373570d938763e5d8515c.js, line 2: ChunkLoadError: Loading chunk ui-gdpr-fr failed.
(error: https://sdk.privacy-center.org/ui-gdpr-fr.c1b0fd8f609ce112350373570d938763e5d8515c.js)
JavaScript error: https://www.atelierdeschefs.fr/fr/recherche?type_recherche=recettes&k%5B%5D=tarte+aux+fraises, line 457: TypeError: Criteo.DisplayAcceptableAdIfAdblocked is not a function
1653239468867	Marionette	INFO	Stopped listening on port 52378

###!!! [Parent][PContentParent] Error: Send(msgname=PContent::Reply_DiscardBrowsingContext) Closed channel: cannot send/recv


###!!! [Child][PContentChild] Error: RunMessage(msgname=PContent::Reply_DiscardBrowsingContext) Channel closing: too late to send/recv, messages will be lost


###!!! [Child][PContentChild] Error: Send(msgname=PBrowser::Msg___delete__) Channel closing: too late to send/recv, messages will be lost


###!!! [Parent][PContentParent] Error: Send(msgname=PContent::Msg_DestroyBrowsingContextGroup) Closed channel: cannot send/recv


###!!! [Parent][PImageBridgeParent] Error: RunMessage(msgname=PImageBridge::Msg_WillClose) Channel closing: too late to send/recv, messages will be lost

1653239554256	geckodriver	INFO	Listening on 127.0.0.1:52542
1653239557335	mozrunner::runner	INFO	Running command: "C:\\Program Files\\Mozilla Firefox\\firefox.exe" "--marionette" "--headless" "--remote-debugging-port" "52543" "--remote-allow-hosts" "localhost" "-no-remote" "-profile" "C:\\Users\\Raphael\\AppData\\Local\\Temp\\rust_mozprofilenMzh2O"
*** You are running in headless mode.
1653239557589	Marionette	INFO	Marionette enabled
[GFX1-]: RenderCompositorSWGL failed mapping default framebuffer, no dt
console.warn: SearchSettings: "get: No settings file exists, new profile?" (new NotFoundError("Could not open the file at C:\\Users\\Raphael\\AppData\\Local\\Temp\\rust_mozprofilenMzh2O\\search.json.mozlz4", (void 0)))
DevTools listening on ws://localhost:52543/devtools/browser/40d77452-75c3-4801-9b1b-ff599b90ffd4
1653239558478	Marionette	INFO	Listening on port 52563
Read port: 52563
1653239558546	RemoteAgent	WARN	TLS certificate errors will be ignored for this session
JavaScript error: https://sdk.privacy-center.org/sdk.c1b0fd8f609ce112350373570d938763e5d8515c.js, line 2: ChunkLoadError: Loading chunk ui-gdpr-fr failed.
(error: https://sdk.privacy-center.org/ui-gdpr-fr.c1b0fd8f609ce112350373570d938763e5d8515c.js)
JavaScript error: https://www.atelierdeschefs.fr/fr/recherche?type_recherche=recettes&k%5B%5D=tarte+aux+fraises, line 457: TypeError: Criteo.DisplayAcceptableAdIfAdblocked is not a function
1653239577046	Marionette	INFO	Stopped listening on port 52563
JavaScript error: resource://gre/actors/ContentMetaChild.jsm, line 179: InvalidStateError: JSWindowActorChild.sendAsyncMessage: JSWindowActorChild cannot send at the moment

###!!! [Parent][PImageBridgeParent] Error: RunMessage(msgname=PImageBridge::Msg_WillClose) Channel closing: too late to send/recv, messages will be lost

